
/home/runner/work/exp-to-generate-binary-t-x-y-data-using-ebulliometer-iitb/exp-to-generate-binary-t-x-y-data-using-ebulliometer-iitb/experiment/simulation/js/activity1.js
    8:14   warning  'Pannel' is not defined                                no-undef
   14:10   warning  'start_act1' is defined but never used                 no-unused-vars
   21:10   warning  'move_to_activity3' is defined but never used          no-unused-vars
   24:5    warning  'activity3' is not defined                             no-undef
   33:5    warning  'global_score' is assigned a value but never used      no-unused-vars
   34:5    warning  'a1_panel' is defined but never used                   no-unused-vars
   35:5    warning  'all_text_content' is assigned a value but never used  no-unused-vars
   36:5    warning  'canvas_box_scale' is already defined                  no-redeclare
   36:5    warning  'canvas_box_scale' is assigned a value but never used  no-unused-vars
   39:5    warning  'a1_scene' is defined but never used                   no-unused-vars
   46:5    warning  'display_score' is defined but never used              no-unused-vars
   47:5    warning  'timer1' is assigned a value but never used            no-unused-vars
   62:17   warning  'Scene' is not defined                                 no-undef
   67:27   warning  'bootstrap' is not defined                             no-undef
  105:18   warning  'Chemistry' is not defined                             no-undef
  105:42   warning  'ballast_tank' is not defined                          no-undef
  105:60   warning  'Chemistry' is not defined                             no-undef
  108:9    warning  'sq' is already defined                                no-redeclare
  108:18   warning  'Chemistry' is not defined                             no-undef
  108:42   warning  'condenser' is not defined                             no-undef
  108:57   warning  'Chemistry' is not defined                             no-undef
  111:9    warning  'sq' is already defined                                no-redeclare
  111:18   warning  'Chemistry' is not defined                             no-undef
  111:42   warning  'n2_tank' is not defined                               no-undef
  111:55   warning  'Chemistry' is not defined                             no-undef
  114:9    warning  'sq' is already defined                                no-redeclare
  114:18   warning  'Chemistry' is not defined                             no-undef
  114:42   warning  'dimmer_stat' is not defined                           no-undef
  114:59   warning  'Chemistry' is not defined                             no-undef
  117:9    warning  'sq' is already defined                                no-redeclare
  117:18   warning  'Chemistry' is not defined                             no-undef
  117:42   warning  'connector' is not defined                             no-undef
  117:57   warning  'Chemistry' is not defined                             no-undef
  120:9    warning  'sq' is already defined                                no-redeclare
  120:18   warning  'Chemistry' is not defined                             no-undef
  120:42   warning  'temp_indicator' is not defined                        no-undef
  120:62   warning  'Chemistry' is not defined                             no-undef
  123:9    warning  'sq' is already defined                                no-redeclare
  123:18   warning  'Chemistry' is not defined                             no-undef
  123:42   warning  'ebulliometer' is not defined                          no-undef
  123:60   warning  'Chemistry' is not defined                             no-undef
  153:25   warning  'Chemistry' is not defined                             no-undef
  153:50   warning  'Chemistry' is not defined                             no-undef
  164:10   warning  'ballast_tank' is not defined                          no-undef
  164:24   warning  'ballast_tank' is not defined                          no-undef
  165:10   warning  'condenser' is not defined                             no-undef
  165:21   warning  'condenser' is not defined                             no-undef
  166:10   warning  'n2_tank' is not defined                               no-undef
  166:19   warning  'n2_tank' is not defined                               no-undef
  167:10   warning  'dimmer_stat' is not defined                           no-undef
  167:23   warning  'dimmer_stat' is not defined                           no-undef
  168:10   warning  'connector' is not defined                             no-undef
  168:21   warning  'connector' is not defined                             no-undef
  169:10   warning  'temp_indicator' is not defined                        no-undef
  169:26   warning  'temp_indicator' is not defined                        no-undef
  170:10   warning  'ebulliometer' is not defined                          no-undef
  170:24   warning  'ebulliometer' is not defined                          no-undef
  173:13   warning  'Chemistry' is not defined                             no-undef
  173:48   warning  'Chemistry' is not defined                             no-undef
  174:13   warning  'Chemistry' is not defined                             no-undef
  174:45   warning  'Chemistry' is not defined                             no-undef
  175:13   warning  'Chemistry' is not defined                             no-undef
  175:43   warning  'Chemistry' is not defined                             no-undef
  176:13   warning  'Chemistry' is not defined                             no-undef
  176:47   warning  'Chemistry' is not defined                             no-undef
  177:13   warning  'Chemistry' is not defined                             no-undef
  177:45   warning  'Chemistry' is not defined                             no-undef
  178:13   warning  'Chemistry' is not defined                             no-undef
  178:50   warning  'Chemistry' is not defined                             no-undef
  179:13   warning  'Chemistry' is not defined                             no-undef
  179:48   warning  'Chemistry' is not defined                             no-undef
  184:12   warning  Unexpected constant condition                          no-constant-condition
  206:49   warning  'Chemistry' is not defined                             no-undef
  209:39   warning  'bootstrap' is not defined                             no-undef
  241:30   warning  'Chemistry' is not defined                             no-undef
  241:73   warning  'Chemistry' is not defined                             no-undef
  269:13   warning  'bsOffcanvas' is already defined                       no-redeclare
  269:31   warning  'bootstrap' is not defined                             no-undef
  271:30   warning  'Chemistry' is not defined                             no-undef
  271:118  warning  'Chemistry' is not defined                             no-undef
  314:24   warning  'activity3' is not defined                             no-undef

/home/runner/work/exp-to-generate-binary-t-x-y-data-using-ebulliometer-iitb/exp-to-generate-binary-t-x-y-data-using-ebulliometer-iitb/experiment/simulation/js/activity3.js
    1:19  warning  'random' is not defined                        no-undef
    2:10  warning  'activity3' is defined but never used          no-unused-vars
    3:5   warning  'pp' is not defined                            no-undef
    4:5   warning  'pp' is not defined                            no-undef
    5:5   warning  'pp' is not defined                            no-undef
    6:5   warning  'pp' is not defined                            no-undef
   35:5   warning  'pp' is not defined                            no-undef
   40:25  warning  'data' is not defined                          no-undef
   41:37  warning  'data' is not defined                          no-undef
   44:10  warning  'load_compositions' is defined but never used  no-unused-vars
   48:25  warning  'data' is not defined                          no-undef
   49:13  warning  'data' is not defined                          no-undef
   50:33  warning  'data' is not defined                          no-undef
   51:58  warning  'data' is not defined                          no-undef
   57:10  warning  'set_values' is defined but never used         no-unused-vars
   60:5   warning  'selected_name' is not defined                 no-undef
   61:5   warning  'selected_index' is not defined                no-undef
   62:5   warning  'set_data' is not defined                      no-undef
   62:14  warning  'selected_name' is not defined                 no-undef
   62:29  warning  'selected_index' is not defined                no-undef
   65:10  warning  'show_temp_reading' is defined but never used  no-unused-vars
   69:20  warning  'T' is not defined                             no-undef
   72:13  warning  'temp' is already defined                      no-redeclare
   72:20  warning  'T' is not defined                             no-undef
   76:17  warning  'T' is not defined                             no-undef
   89:17  warning  'XX' is not defined                            no-undef
   90:25  warning  'XX' is not defined                            no-undef
   91:9   warning  'XX' is not defined                            no-undef
   91:17  warning  'std_deviation' is not defined                 no-undef
   91:31  warning  'XX' is not defined                            no-undef
   92:9   warning  'YY' is not defined                            no-undef
   92:17  warning  'std_deviation' is not defined                 no-undef
   92:31  warning  'YY' is not defined                            no-undef
   93:9   warning  'TT' is not defined                            no-undef
   93:17  warning  'std_deviation' is not defined                 no-undef
   93:31  warning  'TT' is not defined                            no-undef
   95:25  warning  'table1' is not defined                        no-undef
   96:29  warning  'table1' is not defined                        no-undef
   97:13  warning  'table1' is not defined                        no-undef
   97:28  warning  'std_deviation' is not defined                 no-undef
   97:42  warning  'table1' is not defined                        no-undef
  100:5   warning  'T' is not defined                             no-undef
  100:9   warning  'TT' is not defined                            no-undef
  100:12  warning  'selected_index' is not defined                no-undef
  101:5   warning  'X1' is not defined                            no-undef
  101:10  warning  'XX' is not defined                            no-undef
  101:13  warning  'selected_index' is not defined                no-undef
  102:5   warning  'Y1' is not defined                            no-undef
  102:10  warning  'YY' is not defined                            no-undef
  102:13  warning  'selected_index' is not defined                no-undef

/home/runner/work/exp-to-generate-binary-t-x-y-data-using-ebulliometer-iitb/exp-to-generate-binary-t-x-y-data-using-ebulliometer-iitb/experiment/simulation/js/activity4.js
    2:10  warning  'activity4' is defined but never used    no-unused-vars
    3:5   warning  'pp' is not defined                      no-undef
    6:30  warning  'Table1' is not defined                  no-undef
    7:5   warning  'pp' is not defined                      no-undef
    9:5   warning  'calculate_table2' is not defined        no-undef
   10:17  warning  'table2' is not defined                  no-undef
   11:5   warning  'calculate_regression' is not defined    no-undef
   12:5   warning  'mass_calculation' is not defined        no-undef
   13:5   warning  'calculate_last_table' is not defined    no-undef
   15:10  warning  'verify_act4' is defined but never used  no-unused-vars
   22:10  warning  'verify_values' is not defined           no-undef
   22:48  warning  'table1' is not defined                  no-undef
   26:10  warning  'verify_values' is not defined           no-undef
   26:48  warning  'table1' is not defined                  no-undef
   30:10  warning  'verify_values' is not defined           no-undef
   30:48  warning  'table1' is not defined                  no-undef
   34:10  warning  'verify_values' is not defined           no-undef
   34:48  warning  'table1' is not defined                  no-undef
   38:10  warning  'verify_values' is not defined           no-undef
   38:48  warning  'table1' is not defined                  no-undef
   42:10  warning  'verify_values' is not defined           no-undef
   42:48  warning  'table1' is not defined                  no-undef
   47:5   warning  'pp' is not defined                      no-undef
   50:25  warning  'table1' is not defined                  no-undef
   52:29  warning  'table1' is not defined                  no-undef
   53:32  warning  'table1' is not defined                  no-undef
   56:22  warning  'Table1' is not defined                  no-undef
   57:5   warning  'pp' is not defined                      no-undef
   61:22  warning  'Table1' is not defined                  no-undef
   62:5   warning  'pp' is not defined                      no-undef
   65:10  warning  'verify_t2' is defined but never used    no-unused-vars
   70:10  warning  'verify_values' is not defined           no-undef
   70:48  warning  'table2' is not defined                  no-undef
   74:10  warning  'verify_values' is not defined           no-undef
   74:48  warning  'table2' is not defined                  no-undef
   78:10  warning  'verify_values' is not defined           no-undef
   78:48  warning  'table2' is not defined                  no-undef
   82:10  warning  'verify_values' is not defined           no-undef
   82:48  warning  'table2' is not defined                  no-undef
   87:5   warning  'pp' is not defined                      no-undef
   90:25  warning  'table2' is not defined                  no-undef
   92:29  warning  'table2' is not defined                  no-undef
   93:29  warning  'table2' is not defined                  no-undef
   96:22  warning  'Table1' is not defined                  no-undef
   97:5   warning  'pp' is not defined                      no-undef
   99:5   warning  'pp' is not defined                      no-undef
  100:5   warning  'pp' is not defined                      no-undef

/home/runner/work/exp-to-generate-binary-t-x-y-data-using-ebulliometer-iitb/exp-to-generate-binary-t-x-y-data-using-ebulliometer-iitb/experiment/simulation/js/activity5.js
    5:5   warning  'pol2_data' is defined but never used      no-unused-vars
    6:10  warning  'activity5' is defined but never used      no-unused-vars
    7:5   warning  'pp' is not defined                        no-undef
    8:5   warning  'pp' is not defined                        no-undef
    9:5   warning  'pp' is not defined                        no-undef
   10:5   warning  'pp' is not defined                        no-undef
   11:5   warning  'pp' is not defined                        no-undef
   58:5   warning  'pp' is not defined                        no-undef
   62:5   warning  'pp' is not defined                        no-undef
   63:5   warning  'pp' is not defined                        no-undef
   70:25  warning  'table2' is not defined                    no-undef
   71:20  warning  'table2' is not defined                    no-undef
   72:25  warning  'table2' is not defined                    no-undef
   87:21  warning  'Chart' is not defined                     no-undef
  139:30  warning  'selected_name' is not defined             no-undef
  139:61  warning  'composition' is not defined               no-undef
  139:73  warning  'selected_index' is not defined            no-undef
  148:17  warning  'regression_linear' is not defined         no-undef
  155:10  warning  'slope_verify' is defined but never used   no-unused-vars
  159:10  warning  'verify_values' is not defined             no-undef
  159:48  warning  'slope1' is not defined                    no-undef
  167:5   warning  'pp' is not defined                        no-undef
  168:5   warning  'pp' is not defined                        no-undef
  169:5   warning  'pp' is not defined                        no-undef
  170:5   warning  'pp' is not defined                        no-undef
  216:5   warning  'pp' is not defined                        no-undef
  220:5   warning  'pp' is not defined                        no-undef
  221:5   warning  'pp' is not defined                        no-undef
  228:25  warning  'table2' is not defined                    no-undef
  229:20  warning  'table2' is not defined                    no-undef
  230:25  warning  'table2' is not defined                    no-undef
  245:21  warning  'Chart' is not defined                     no-undef
  297:30  warning  'selected_name' is not defined             no-undef
  297:61  warning  'composition' is not defined               no-undef
  297:73  warning  'selected_index' is not defined            no-undef
  305:10  warning  'slope2_verify' is defined but never used  no-unused-vars
  309:10  warning  'verify_values' is not defined             no-undef
  309:48  warning  'slope2' is not defined                    no-undef
  314:5   warning  'activity6' is not defined                 no-undef

/home/runner/work/exp-to-generate-binary-t-x-y-data-using-ebulliometer-iitb/exp-to-generate-binary-t-x-y-data-using-ebulliometer-iitb/experiment/simulation/js/activity6.js
    1:10  warning  'activity6' is defined but never used           no-unused-vars
    2:5   warning  'pp' is not defined                             no-undef
    3:5   warning  'pp' is not defined                             no-undef
    4:5   warning  'pp' is not defined                             no-undef
   11:34  warning  'Ma' is not defined                             no-undef
   14:34  warning  'Mc' is not defined                             no-undef
   22:34  warning  'MW1' is not defined                            no-undef
   25:34  warning  'MW2' is not defined                            no-undef
   33:34  warning  'AA' is not defined                             no-undef
   36:34  warning  'AB' is not defined                             no-undef
   39:34  warning  'AC' is not defined                             no-undef
   47:34  warning  'slope1' is not defined                         no-undef
   50:34  warning  'slope2' is not defined                         no-undef
   55:5   warning  'pp' is not defined                             no-undef
   62:24  warning  'Table2' is not defined                         no-undef
   69:24  warning  'Table2' is not defined                         no-undef
   76:24  warning  'Table2' is not defined                         no-undef
   77:5   warning  'pp' is not defined                             no-undef
   78:5   warning  'pp' is not defined                             no-undef
   79:5   warning  'pp' is not defined                             no-undef
   84:5   warning  'pp' is not defined                             no-undef
   85:17  warning  'mass_comp1' is not defined                     no-undef
   85:29  warning  'mass_comp2' is not defined                     no-undef
   85:41  warning  'moles_comp1' is not defined                    no-undef
   85:54  warning  'moles_comp2' is not defined                    no-undef
   85:67  warning  'moles_fraction_comp1' is not defined           no-undef
   85:89  warning  'moles_fraction_comp2' is not defined           no-undef
   87:10  warning  'verify_act6_inputs' is defined but never used  no-unused-vars
   94:10  warning  'verify_values' is not defined                  no-undef
   94:48  warning  'mass_comp1' is not defined                     no-undef
   98:10  warning  'verify_values' is not defined                  no-undef
   98:48  warning  'mass_comp2' is not defined                     no-undef
  102:10  warning  'verify_values' is not defined                  no-undef
  102:48  warning  'moles_comp1' is not defined                    no-undef
  106:10  warning  'verify_values' is not defined                  no-undef
  106:48  warning  'moles_comp2' is not defined                    no-undef
  110:10  warning  'verify_values' is not defined                  no-undef
  110:48  warning  'moles_fraction_comp1' is not defined           no-undef
  114:10  warning  'verify_values' is not defined                  no-undef
  114:48  warning  'moles_fraction_comp2' is not defined           no-undef
  119:5   warning  'activity7' is not defined                      no-undef

/home/runner/work/exp-to-generate-binary-t-x-y-data-using-ebulliometer-iitb/exp-to-generate-binary-t-x-y-data-using-ebulliometer-iitb/experiment/simulation/js/activity7.js
   2:10   warning  'activity7' is defined but never used    no-unused-vars
   3:5    warning  'pp' is not defined                      no-undef
   4:5    warning  'pp' is not defined                      no-undef
   5:5    warning  'pp' is not defined                      no-undef
   7:30   warning  'composition' is not defined             no-undef
   7:42   warning  'selected_index' is not defined          no-undef
   7:59   warning  'calculated_table' is not defined        no-undef
   7:76   warning  'selected_index' is not defined          no-undef
   7:107  warning  'calculated_table' is not defined        no-undef
   7:124  warning  'selected_index' is not defined          no-undef
   7:155  warning  'calculated_table' is not defined        no-undef
   7:172  warning  'selected_index' is not defined          no-undef
   8:24   warning  'Table' is not defined                   no-undef
   9:5    warning  'pp' is not defined                      no-undef
  14:19   warning  'A1' is not defined                      no-undef
  14:31   warning  'A2' is not defined                      no-undef
  15:19   warning  'B1' is not defined                      no-undef
  15:31   warning  'B2' is not defined                      no-undef
  16:19   warning  'C1' is not defined                      no-undef
  16:31   warning  'C2' is not defined                      no-undef
  17:18   warning  'P' is not defined                       no-undef
  26:5    warning  'pp' is not defined                      no-undef
  28:10   warning  'verify_act7' is defined but never used  no-unused-vars
  33:10   warning  'verify_values' is not defined           no-undef
  33:48   warning  'calculated_table' is not defined        no-undef
  33:65   warning  'selected_index' is not defined          no-undef
  37:10   warning  'verify_values' is not defined           no-undef
  37:48   warning  'calculated_table' is not defined        no-undef
  37:65   warning  'selected_index' is not defined          no-undef
  41:10   warning  'verify_values' is not defined           no-undef
  41:48   warning  'calculated_table' is not defined        no-undef
  41:65   warning  'selected_index' is not defined          no-undef
  45:10   warning  'verify_values' is not defined           no-undef
  45:48   warning  'calculated_table' is not defined        no-undef
  45:65   warning  'selected_index' is not defined          no-undef
  53:5    warning  'pp' is not defined                      no-undef
  54:5    warning  'pp' is not defined                      no-undef
  55:5    warning  'pp' is not defined                      no-undef
  58:25   warning  'calculated_table' is not defined        no-undef
  60:34   warning  'composition' is not defined             no-undef
  61:29   warning  'calculated_table' is not defined        no-undef
  62:42   warning  'calculated_table' is not defined        no-undef
  65:24   warning  'Table' is not defined                   no-undef
  66:5    warning  'pp' is not defined                      no-undef
  69:10   warning  'selected_index' is not defined          no-undef
  70:5    warning  'pp' is not defined                      no-undef
  71:5    warning  'pp' is not defined                      no-undef

/home/runner/work/exp-to-generate-binary-t-x-y-data-using-ebulliometer-iitb/exp-to-generate-binary-t-x-y-data-using-ebulliometer-iitb/experiment/simulation/js/activity8.js
   1:10  warning  'activity8' is defined but never used  no-unused-vars
   2:5   warning  'pp' is not defined                    no-undef
   3:5   warning  'pp' is not defined                    no-undef
   8:5   warning  'pp' is not defined                    no-undef
   9:5   warning  'pp' is not defined                    no-undef
  14:5   warning  'label' is not defined                 no-undef
  15:5   warning  'graph_data' is not defined            no-undef
  16:25  warning  'calculated_table' is not defined      no-undef
  17:9   warning  'label' is not defined                 no-undef
  17:20  warning  'calculated_table' is not defined      no-undef
  18:9   warning  'graph_data' is not defined            no-undef
  18:34  warning  'calculated_table' is not defined      no-undef
  33:21  warning  'Chart' is not defined                 no-undef
  36:21  warning  'label' is not defined                 no-undef
  40:27  warning  'graph_data' is not defined            no-undef
  52:27  warning  'graph_data1' is not defined           no-undef
  85:30  warning  'selected_name' is not defined         no-undef
  85:61  warning  'composition' is not defined           no-undef
  85:73  warning  'selected_index' is not defined        no-undef
  94:5   warning  'pol1_data' is not defined             no-undef
  94:17  warning  'regression_linear' is not defined     no-undef
  94:35  warning  'label' is not defined                 no-undef
  94:42  warning  'graph_data' is not defined            no-undef
  95:5   warning  'graph_data1' is not defined           no-undef
  97:25  warning  'label' is not defined                 no-undef
  98:9   warning  'graph_data1' is not defined           no-undef
  98:26  warning  'pol1_data' is not defined             no-undef
  98:41  warning  'label' is not defined                 no-undef
  98:52  warning  'pol1_data' is not defined             no-undef

/home/runner/work/exp-to-generate-binary-t-x-y-data-using-ebulliometer-iitb/exp-to-generate-binary-t-x-y-data-using-ebulliometer-iitb/experiment/simulation/js/common.js
   1:10  warning  'verify_values' is defined but never used                no-unused-vars
  18:10  warning  'std_deviation' is defined but never used                no-unused-vars
  23:10  warning  'regression_linear' is defined but never used            no-unused-vars
  40:10  warning  'ascending_random_array' is defined but never used       no-unused-vars
  42:12  warning  Unexpected constant condition                            no-constant-condition
  59:10  warning  'regression_linear_2variable' is defined but never used  no-unused-vars

/home/runner/work/exp-to-generate-binary-t-x-y-data-using-ebulliometer-iitb/exp-to-generate-binary-t-x-y-data-using-ebulliometer-iitb/experiment/simulation/js/data.js
    1:5   warning  'dimmer_stat_reading' is assigned a value but never used  no-unused-vars
   25:21  warning  'random' is not defined                                   no-undef
   34:5   warning  'composition' is assigned a value but never used          no-unused-vars
  110:10  warning  'calculate_table2' is defined but never used              no-unused-vars
  119:10  warning  'calculate_regression' is defined but never used          no-unused-vars
  126:12  warning  'regression_linear' is not defined                        no-undef
  135:12  warning  'regression_linear' is not defined                        no-undef
  139:10  warning  'mass_calculation' is defined but never used              no-unused-vars
  156:10  warning  'calculate_last_table' is defined but never used          no-unused-vars

/home/runner/work/exp-to-generate-binary-t-x-y-data-using-ebulliometer-iitb/exp-to-generate-binary-t-x-y-data-using-ebulliometer-iitb/experiment/simulation/js/dummy.js
  2:14  warning  'Pannel' is not defined  no-undef

/home/runner/work/exp-to-generate-binary-t-x-y-data-using-ebulliometer-iitb/exp-to-generate-binary-t-x-y-data-using-ebulliometer-iitb/experiment/simulation/js/geomerty.js
   33:49   warning  'lscale' is not defined          no-undef
   34:49   warning  'lscale' is not defined          no-undef
   46:23   warning  'pt1' is defined but never used  no-unused-vars
   46:28   warning  'pt2' is defined but never used  no-unused-vars
   46:33   warning  'pt3' is defined but never used  no-unused-vars
   50:24   warning  'geo' is defined but never used  no-unused-vars
   69:44   warning  'lscale' is not defined          no-undef
   69:66   warning  'lscale' is not defined          no-undef
   69:88   warning  'lscale' is not defined          no-undef
   82:48   warning  'lscale' is not defined          no-undef
   83:48   warning  'lscale' is not defined          no-undef
  108:47   warning  'lscale' is not defined          no-undef
  108:69   warning  'lscale' is not defined          no-undef
  109:60   warning  'lscale' is not defined          no-undef
  109:95   warning  'lscale' is not defined          no-undef
  131:39   warning  'lscale' is not defined          no-undef
  131:57   warning  'lscale' is not defined          no-undef
  132:39   warning  'lscale' is not defined          no-undef
  132:57   warning  'lscale' is not defined          no-undef
  181:39   warning  'lscale' is not defined          no-undef
  181:57   warning  'lscale' is not defined          no-undef
  182:39   warning  'lscale' is not defined          no-undef
  182:57   warning  'lscale' is not defined          no-undef
  225:33   warning  'lscale' is not defined          no-undef
  226:33   warning  'lscale' is not defined          no-undef
  274:50   warning  'lscale' is not defined          no-undef
  274:72   warning  'lscale' is not defined          no-undef
  279:61   warning  'lscale' is not defined          no-undef
  279:84   warning  'lscale' is not defined          no-undef
  279:102  warning  'lscale' is not defined          no-undef
  279:120  warning  'lscale' is not defined          no-undef
  293:33   warning  'lscale' is not defined          no-undef
  294:33   warning  'lscale' is not defined          no-undef
  295:41   warning  'lscale' is not defined          no-undef
  295:64   warning  'lscale' is not defined          no-undef
  295:98   warning  'lscale' is not defined          no-undef
  295:121  warning  'lscale' is not defined          no-undef
  296:45   warning  'lscale' is not defined          no-undef
  296:68   warning  'lscale' is not defined          no-undef
  296:102  warning  'lscale' is not defined          no-undef
  296:125  warning  'lscale' is not defined          no-undef
  323:61   warning  'lscale' is not defined          no-undef
  323:90   warning  'lscale' is not defined          no-undef
  324:61   warning  'lscale' is not defined          no-undef
  324:96   warning  'lscale' is not defined          no-undef
  325:66   warning  'lscale' is not defined          no-undef
  325:101  warning  'lscale' is not defined          no-undef
  326:66   warning  'lscale' is not defined          no-undef
  326:100  warning  'lscale' is not defined          no-undef
  327:67   warning  'lscale' is not defined          no-undef
  327:101  warning  'lscale' is not defined          no-undef
  328:67   warning  'lscale' is not defined          no-undef
  328:96   warning  'lscale' is not defined          no-undef
  329:61   warning  'lscale' is not defined          no-undef
  329:90   warning  'lscale' is not defined          no-undef
  346:33   warning  'lscale' is not defined          no-undef
  347:33   warning  'lscale' is not defined          no-undef
  376:46   warning  'lscale' is not defined          no-undef
  382:50   warning  'lscale' is not defined          no-undef
  382:72   warning  'lscale' is not defined          no-undef
  411:52   warning  'lscale' is not defined          no-undef
  411:79   warning  'lscale' is not defined          no-undef
  413:56   warning  'lscale' is not defined          no-undef
  413:83   warning  'lscale' is not defined          no-undef
  450:50   warning  'lscale' is not defined          no-undef
  450:72   warning  'lscale' is not defined          no-undef
  456:61   warning  'lscale' is not defined          no-undef
  456:84   warning  'lscale' is not defined          no-undef
  456:102  warning  'lscale' is not defined          no-undef
  456:120  warning  'lscale' is not defined          no-undef
  470:33   warning  'lscale' is not defined          no-undef
  471:33   warning  'lscale' is not defined          no-undef
  472:41   warning  'lscale' is not defined          no-undef
  472:64   warning  'lscale' is not defined          no-undef
  472:98   warning  'lscale' is not defined          no-undef
  472:121  warning  'lscale' is not defined          no-undef
  473:45   warning  'lscale' is not defined          no-undef
  473:68   warning  'lscale' is not defined          no-undef
  473:102  warning  'lscale' is not defined          no-undef
  473:125  warning  'lscale' is not defined          no-undef
  502:50   warning  'lscale' is not defined          no-undef
  502:72   warning  'lscale' is not defined          no-undef
  507:139  warning  'lscale' is not defined          no-undef
  507:172  warning  'lscale' is not defined          no-undef
  507:205  warning  'lscale' is not defined          no-undef
  507:225  warning  'lscale' is not defined          no-undef
  528:50   warning  'lscale' is not defined          no-undef
  528:72   warning  'lscale' is not defined          no-undef
  533:139  warning  'lscale' is not defined          no-undef
  533:172  warning  'lscale' is not defined          no-undef
  533:205  warning  'lscale' is not defined          no-undef
  533:225  warning  'lscale' is not defined          no-undef
  555:50   warning  'lscale' is not defined          no-undef
  555:72   warning  'lscale' is not defined          no-undef
  560:133  warning  'lscale' is not defined          no-undef
  560:172  warning  'lscale' is not defined          no-undef
  560:205  warning  'lscale' is not defined          no-undef
  560:224  warning  'lscale' is not defined          no-undef
  584:39   warning  'lscale' is not defined          no-undef
  584:53   warning  'lscale' is not defined          no-undef
  585:39   warning  'lscale' is not defined          no-undef
  585:53   warning  'lscale' is not defined          no-undef
  586:39   warning  'lscale' is not defined          no-undef
  586:53   warning  'lscale' is not defined          no-undef
  587:39   warning  'lscale' is not defined          no-undef
  587:53   warning  'lscale' is not defined          no-undef
  594:36   warning  'lscale' is not defined          no-undef
  594:50   warning  'lscale' is not defined          no-undef
  594:63   warning  'lscale' is not defined          no-undef
  605:36   warning  'lscale' is not defined          no-undef
  605:50   warning  'lscale' is not defined          no-undef
  605:63   warning  'lscale' is not defined          no-undef
  632:46   warning  'lscale' is not defined          no-undef
  637:50   warning  'lscale' is not defined          no-undef
  637:72   warning  'lscale' is not defined          no-undef
  659:50   warning  'lscale' is not defined          no-undef
  659:72   warning  'lscale' is not defined          no-undef
  663:46   warning  'lscale' is not defined          no-undef
  664:46   warning  'lscale' is not defined          no-undef
  664:67   warning  'lscale' is not defined          no-undef
  665:49   warning  'lscale' is not defined          no-undef
  702:50   warning  'lscale' is not defined          no-undef
  702:72   warning  'lscale' is not defined          no-undef
  718:38   warning  'lscale' is not defined          no-undef
  718:51   warning  'lscale' is not defined          no-undef
  720:38   warning  'lscale' is not defined          no-undef
  722:38   warning  'lscale' is not defined          no-undef
  722:52   warning  'lscale' is not defined          no-undef

/home/runner/work/exp-to-generate-binary-t-x-y-data-using-ebulliometer-iitb/exp-to-generate-binary-t-x-y-data-using-ebulliometer-iitb/experiment/simulation/js/pannel.js
    8:7  warning  'Pannel' is defined but never used  no-unused-vars
  151:7  warning  'Table2' is defined but never used  no-unused-vars

/home/runner/work/exp-to-generate-binary-t-x-y-data-using-ebulliometer-iitb/exp-to-generate-binary-t-x-y-data-using-ebulliometer-iitb/experiment/simulation/js/scene.js
   1:7    warning  'Scene' is defined but never used         no-unused-vars
  11:9    warning  'context' is not defined                  no-undef
  11:33   warning  'canvas' is not defined                   no-undef
  11:47   warning  'canvas' is not defined                   no-undef
  27:5    warning  'context' is not defined                  no-undef
  28:9    warning  'grd' is assigned a value but never used  no-unused-vars
  28:15   warning  'context' is not defined                  no-undef
  28:44   warning  'canvas' is not defined                   no-undef
  28:62   warning  'canvas' is not defined                   no-undef
  28:84   warning  'canvas' is not defined                   no-undef
  28:102  warning  'canvas' is not defined                   no-undef
  28:121  warning  'canvas' is not defined                   no-undef
  36:5    warning  'context' is not defined                  no-undef
  37:5    warning  'context' is not defined                  no-undef
  37:28   warning  'canvas' is not defined                   no-undef
  37:42   warning  'canvas' is not defined                   no-undef
  38:5    warning  'context' is not defined                  no-undef
  39:5    warning  'context' is not defined                  no-undef

/home/runner/work/exp-to-generate-binary-t-x-y-data-using-ebulliometer-iitb/exp-to-generate-binary-t-x-y-data-using-ebulliometer-iitb/experiment/simulation/js/test.js
  2:14  warning  'Pannel' is not defined                     no-undef
  4:5   warning  'table' is assigned a value but never used  no-unused-vars

✖ 500 problems (0 errors, 500 warnings)

